<?xml version="1.0" encoding="UTF-8"?>
<testsuite name="thehashgame.entities.BoardSquareTests" tests="8" skipped="0" failures="0" errors="0" timestamp="2022-04-01T15:29:47" hostname="AGM-595364.local" time="0.134">
  <properties/>
  <testcase name="whenCircleMarksFirstHorizontal_circlesShouldWin()" classname="thehashgame.entities.BoardSquareTests" time="0.113"/>
  <testcase name="whenCircleMarksThirdHorizontal_circlesShouldWin()" classname="thehashgame.entities.BoardSquareTests" time="0.003"/>
  <testcase name="whenCircleMarksFirstVertical_circlesShouldWin()" classname="thehashgame.entities.BoardSquareTests" time="0.003"/>
  <testcase name="whenCircleMarksThirdVertical_circlesShouldWin()" classname="thehashgame.entities.BoardSquareTests" time="0.002"/>
  <testcase name="whenCircleMarksFirstDiagonal_circlesShouldWin()" classname="thehashgame.entities.BoardSquareTests" time="0.002"/>
  <testcase name="whenCircleMarksSecondVertical_circlesShouldWin()" classname="thehashgame.entities.BoardSquareTests" time="0.001"/>
  <testcase name="whenCircleMarksSecondDiagonal_circlesShouldWin()" classname="thehashgame.entities.BoardSquareTests" time="0.001"/>
  <testcase name="whenCircleMarksSecondHorizontal_circlesShouldWin()" classname="thehashgame.entities.BoardSquareTests" time="0.001"/>
  <system-out><![CDATA[{0=SQUARE, 1=SQUARE, 2=SQUARE, 3=CIRCLE, 4=CIRCLE}
{0=CIRCLE, 1=CIRCLE, 6=SQUARE, 7=SQUARE, 8=SQUARE}
{0=SQUARE, 1=CIRCLE, 2=CIRCLE, 3=SQUARE, 6=SQUARE}
{1=CIRCLE, 2=SQUARE, 4=CIRCLE, 5=SQUARE, 8=SQUARE}
{0=SQUARE, 1=CIRCLE, 2=CIRCLE, 4=SQUARE, 8=SQUARE}
{1=SQUARE, 2=CIRCLE, 4=SQUARE, 5=CIRCLE, 7=SQUARE}
{0=CIRCLE, 1=CIRCLE, 2=SQUARE, 4=SQUARE, 6=SQUARE}
{0=CIRCLE, 1=CIRCLE, 3=SQUARE, 4=SQUARE, 5=SQUARE}
]]></system-out>
  <system-err><![CDATA[]]></system-err>
</testsuite>
